0 info it worked if it ends with ok
1 verbose cli [ '/usr/local/bin/node',
1 verbose cli   '/usr/local/bin/npm',
1 verbose cli   'owner',
1 verbose cli   'ls',
1 verbose cli   'oddjobs' ]
2 info using npm@1.4.3
3 info using node@v0.10.26
4 verbose url raw oddjobs
5 verbose url resolving [ 'https://registry.npmjs.org/', './oddjobs' ]
6 verbose url resolved https://registry.npmjs.org/oddjobs
7 info trying registry request attempt 1 at 11:37:19
8 http GET https://registry.npmjs.org/oddjobs
9 http 404 https://registry.npmjs.org/oddjobs
10 silly registry.get cb [ 404,
10 silly registry.get   { date: 'Fri, 21 Nov 2014 10:37:22 GMT',
10 silly registry.get     server: 'CouchDB/1.5.0 (Erlang OTP/R16B03)',
10 silly registry.get     'content-type': 'application/json',
10 silly registry.get     'cache-control': 'max-age=0',
10 silly registry.get     'content-length': '52',
10 silly registry.get     'accept-ranges': 'bytes',
10 silly registry.get     via: '1.1 varnish',
10 silly registry.get     age: '0',
10 silly registry.get     'x-served-by': 'cache-lhr6327-LHR',
10 silly registry.get     'x-cache': 'MISS',
10 silly registry.get     'x-cache-hits': '0',
10 silly registry.get     'x-timer': 'S1416566241.644614,VS0,VE667',
10 silly registry.get     'keep-alive': 'timeout=10, max=50',
10 silly registry.get     connection: 'Keep-Alive' } ]
11 error owner ls Couldn't get owner data oddjobs
12 error 404 'oddjobs' is not in the npm registry.
12 error 404 You should bug the author to publish it
12 error 404
12 error 404 Note that you can also install from a
12 error 404 tarball, folder, or http url, or git url.
13 error System Linux 3.13.0-37-generic
14 error command "/usr/local/bin/node" "/usr/local/bin/npm" "owner" "ls" "oddjobs"
15 error cwd /home/smile/Documents/oddjobs
16 error node -v v0.10.26
17 error npm -v 1.4.3
18 error code E404
19 verbose exit [ 1, true ]
